#
# A fatal error has been detected by the Java Runtime Environment:
#
#  EXCEPTION_STACK_OVERFLOW (0xc00000fd) at pc=0x6400b9a3, pid=5636, tid=0x00000fa4
#
# JRE version: Java(TM) SE Runtime Environment (8.0_191-b12) (build 1.8.0_191-b12)
# Java VM: Java HotSpot(TM) Client VM (25.191-b12 mixed mode windows-x86 )
# Problematic frame:
# C  [jSSC-2.8_x86.dll+0xb9a3]
#
# Failed to write core dump. Minidumps are not enabled by default on client versions of Windows
#
# If you would like to submit a bug report, please visit:
#   http://bugreport.java.com/bugreport/crash.jsp
# The crash happened outside the Java Virtual Machine in native code.
# See problematic frame for where to report the bug.
#

---------------  T H R E A D  ---------------

Current thread (0x2a670400):  JavaThread "EventThread COM4" [_thread_in_native, id=4004, stack(0x26190000,0x261e0000)]

siginfo: ExceptionCode=0xc00000fd, ExceptionInformation=0x00000001 0x26190400 

Registers:
EAX=0x0000d990, EBX=0x2b66d010, ECX=0x26190400, EDX=0x00000000
ESP=0x261df3f4, EBP=0x261df458, ESI=0x2a670540, EDI=0x2b66d024
EIP=0x6400b9a3, EFLAGS=0x00010206

Top of Stack: (sp=0x261df3f4)
0x261df3f4:   0005b990 00000000 64001739 00000014
0x261df404:   203a656d 00000401 00000004 00000000
0x261df414:   00000001 0005b987 00000001 00062130
0x261df424:   0e280000 00000b9c 039bc920 00000074
0x261df434:   00000074 00000000 000000f4 6c696620
0x261df444:   616e2065 203a656d 00000000 15df13f0
0x261df454:   2a670400 261df488 03a78ce5 2a670540
0x261df464:   261df474 00000b9c 00000000 0005b987 

Instructions: (pc=0x6400b9a3)
0x6400b983:   fd ff ff eb 91 90 90 90 90 90 90 90 90 51 50 3d
0x6400b993:   00 10 00 00 8d 4c 24 0c 72 15 81 e9 00 10 00 00
0x6400b9a3:   83 09 00 2d 00 10 00 00 3d 00 10 00 00 77 eb 29
0x6400b9b3:   c1 83 09 00 58 59 c3 90 90 8b 44 24 04 c7 00 ff 


Register to memory mapping:

EAX=0x0000d990 is an unknown value
EBX=0x2b66d010 is an unknown value
ECX=0x26190400 is pointing into the stack for thread: 0x2a670400
EDX=0x00000000 is an unknown value
ESP=0x261df3f4 is pointing into the stack for thread: 0x2a670400
EBP=0x261df458 is pointing into the stack for thread: 0x2a670400
ESI=0x2a670540 is an unknown value
EDI=0x2b66d024 is an unknown value


Stack: [0x26190000,0x261e0000],  sp=0x261df3f4,  free space=316k
Native frames: (J=compiled Java code, j=interpreted, Vv=VM code, C=native code)
C  [jSSC-2.8_x86.dll+0xb9a3]
J 5779  jssc.SerialNativeInterface.readBytes(JI)[B (0 bytes) @ 0x03a78ce5 [0x03a78c50+0x95]
J 3583 C1 jssc.SerialPort$EventThread.run()V (84 bytes) @ 0x03a32f78 [0x03a32ce0+0x298]
v  ~StubRoutines::call_stub
V  [jvm.dll+0x15c315]
V  [jvm.dll+0x223ece]
V  [jvm.dll+0x15c3ae]
V  [jvm.dll+0x15c536]
V  [jvm.dll+0x15c5a7]
V  [jvm.dll+0x1002ef]
V  [jvm.dll+0x17f550]
V  [jvm.dll+0x17fdca]
V  [jvm.dll+0x1c57a6]
C  [msvcr100.dll+0x5c556]
C  [msvcr100.dll+0x5c600]
C  [KERNEL32.DLL+0x17d69]
C  [ntdll.dll+0x6bb9b]
C  [ntdll.dll+0x6bb1f]
C  0x00000000

Java frames: (J=compiled Java code, j=interpreted, Vv=VM code)
J 5779  jssc.SerialNativeInterface.readBytes(JI)[B (0 bytes) @ 0x03a78ca1 [0x03a78c50+0x51]
J 3583 C1 jssc.SerialPort$EventThread.run()V (84 bytes) @ 0x03a32f78 [0x03a32ce0+0x298]
v  ~StubRoutines::call_stub

---------------  P R O C E S S  ---------------

Java Threads: ( => current thread )
=>0x2a670400 JavaThread "EventThread COM4" [_thread_in_native, id=4004, stack(0x26190000,0x261e0000)]
  0x2a66fc00 JavaThread "DestroyJavaVM" [_thread_blocked, id=19880, stack(0x032a0000,0x032f0000)]
  0x27061800 JavaThread "TimerQueue" daemon [_thread_blocked, id=21100, stack(0x2b580000,0x2b5d0000)]
  0x27060000 JavaThread "Batik CleanerThread" daemon [_thread_blocked, id=8120, stack(0x29ab0000,0x29b00000)]
  0x27062400 JavaThread "AWT-EventQueue-0" [_thread_in_Java, id=3472, stack(0x294b0000,0x29500000)]
  0x27060c00 JavaThread "AWT-Shutdown" [_thread_blocked, id=17668, stack(0x05860000,0x058b0000)]
  0x28bd4400 JavaThread "JmDNS(MSI.local.).State.Timer" [_thread_blocked, id=980, stack(0x29760000,0x297b0000)]
  0x28bad400 JavaThread "JmDNS(MSI.local.).Timer" daemon [_thread_blocked, id=6184, stack(0x296d0000,0x29720000)]
  0x28bacc00 JavaThread "SocketListener(MSI.local.)" daemon [_thread_in_native, id=20748, stack(0x276d0000,0x27720000)]
  0x28aa4400 JavaThread "Multihomed mDNS.Timer" daemon [_thread_blocked, id=9960, stack(0x29420000,0x29470000)]
  0x28aa3800 JavaThread "cc.arduino.packages.discoverers.serial.SerialDiscovery" [_thread_blocked, id=19936, stack(0x29540000,0x29590000)]
  0x2724c800 JavaThread "AWT-Windows" daemon [_thread_in_native, id=4976, stack(0x27760000,0x277b0000)]
  0x2724b400 JavaThread "Java2D Disposer" daemon [_thread_blocked, id=13168, stack(0x27640000,0x27690000)]
  0x25fbfc00 JavaThread "Service Thread" daemon [_thread_blocked, id=19148, stack(0x26ed0000,0x26f20000)]
  0x25fcdc00 JavaThread "C1 CompilerThread0" daemon [_thread_blocked, id=12468, stack(0x26e40000,0x26e90000)]
  0x25fcc400 JavaThread "Attach Listener" daemon [_thread_blocked, id=20316, stack(0x26db0000,0x26e00000)]
  0x25fca400 JavaThread "Signal Dispatcher" daemon [_thread_blocked, id=18912, stack(0x26d20000,0x26d70000)]
  0x25fabc00 JavaThread "Finalizer" daemon [_thread_blocked, id=20240, stack(0x26b90000,0x26be0000)]
  0x25fa6000 JavaThread "Reference Handler" daemon [_thread_in_vm_trans, id=10016, stack(0x26b00000,0x26b50000)]

Other Threads:
  0x25f90400 VMThread [stack: 0x26a30000,0x26a80000] [id=9816]
  0x25fc3400 WatcherThread [stack: 0x26f60000,0x26fb0000] [id=13224]

VM state:not at safepoint (normal execution)

VM Mutex/Monitor currently owned by a thread: None

Heap:
 def new generation   total 157248K, used 17729K [0x05a00000, 0x104a0000, 0x104a0000)
  eden space 139776K,  12% used [0x05a00000, 0x06b504a8, 0x0e280000)
  from space 17472K,   0% used [0x0e280000, 0x0e280000, 0x0f390000)
  to   space 17472K,   0% used [0x0f390000, 0x0f390000, 0x104a0000)
 tenured generation   total 349568K, used 261369K [0x104a0000, 0x25a00000, 0x25a00000)
   the space 349568K,  74% used [0x104a0000, 0x203de730, 0x203de800, 0x25a00000)
 Metaspace       used 22168K, capacity 22697K, committed 22912K, reserved 22912K

Card table byte_map: [0x058d0000,0x059e0000] byte_map_base: 0x058a3000

Polling page: 0x017d0000

CodeCache: size=32768Kb used=2301Kb max_used=5420Kb free=30466Kb
 bounds [0x03820000, 0x03d70000, 0x05820000]
 total_blobs=1412 nmethods=1128 adapters=212
 compilation: enabled

Compilation events (10 events):
Event: 5292.903 Thread 0x25fcdc00 7902             java.awt.EventQueue::getPriority (78 bytes)
Event: 5292.904 Thread 0x25fcdc00 nmethod 7902 0x03ba6288 code [0x03ba6390, 0x03ba6520]
Event: 5292.906 Thread 0x25fcdc00 7903             com.sun.java.swing.plaf.windows.XPStyle$Skin::equals (30 bytes)
Event: 5292.906 Thread 0x25fcdc00 nmethod 7903 0x03943488 code [0x03943590, 0x039436ac]
Event: 5292.906 Thread 0x25fcdc00 7904             javax.swing.text.DefaultHighlighter::paint (186 bytes)
Event: 5292.907 Thread 0x25fcdc00 nmethod 7904 0x03925fc8 code [0x03926150, 0x03926674]
Event: 5293.001 Thread 0x25fcdc00 7905             java.awt.Rectangle::<init> (26 bytes)
Event: 5293.001 Thread 0x25fcdc00 nmethod 7905 0x039432c8 code [0x039433c0, 0x03943450]
Event: 5293.001 Thread 0x25fcdc00 7906             java.awt.geom.Rectangle2D::<init> (5 bytes)
Event: 5293.001 Thread 0x25fcdc00 nmethod 7906 0x03943108 code [0x03943200, 0x03943280]

GC Heap History (10 events):
Event: 5252.140 GC heap before
{Heap before GC invocations=591 (full 10):
 def new generation   total 157248K, used 139776K [0x05a00000, 0x104a0000, 0x104a0000)
  eden space 139776K, 100% used [0x05a00000, 0x0e280000, 0x0e280000)
  from space 17472K,   0% used [0x0f390000, 0x0f390000, 0x104a0000)
  to   space 17472K,   0% used [0x0e280000, 0x0e280000, 0x0f390000)
 tenured generation   total 349568K, used 188700K [0x104a0000, 0x25a00000, 0x25a00000)
   the space 349568K,  53% used [0x104a0000, 0x1bce7208, 0x1bce7400, 0x25a00000)
 Metaspace       used 22168K, capacity 22697K, committed 22912K, reserved 22912K
Event: 5252.185 GC heap after
Heap after GC invocations=592 (full 10):
 def new generation   total 157248K, used 17471K [0x05a00000, 0x104a0000, 0x104a0000)
  eden space 139776K,   0% used [0x05a00000, 0x05a00000, 0x0e280000)
  from space 17472K,  99% used [0x0e280000, 0x0f38fff8, 0x0f390000)
  to   space 17472K,   0% used [0x0f390000, 0x0f390000, 0x104a0000)
 tenured generation   total 349568K, used 196591K [0x104a0000, 0x25a00000, 0x25a00000)
   the space 349568K,  56% used [0x104a0000, 0x1c49bf60, 0x1c49c000, 0x25a00000)
 Metaspace       used 22168K, capacity 22697K, committed 22912K, reserved 22912K
}
Event: 5264.825 GC heap before
{Heap before GC invocations=592 (full 10):
 def new generation   total 157248K, used 155076K [0x05a00000, 0x104a0000, 0x104a0000)
  eden space 139776K,  98% used [0x05a00000, 0x0e061080, 0x0e280000)
  from space 17472K,  99% used [0x0e280000, 0x0f38fff8, 0x0f390000)
  to   space 17472K,   0% used [0x0f390000, 0x0f390000, 0x104a0000)
 tenured generation   total 349568K, used 196591K [0x104a0000, 0x25a00000, 0x25a00000)
   the space 349568K,  56% used [0x104a0000, 0x1c49bf60, 0x1c49c000, 0x25a00000)
 Metaspace       used 22168K, capacity 22697K, committed 22912K, reserved 22912K
Event: 5264.900 GC heap after
Heap after GC invocations=593 (full 10):
 def new generation   total 157248K, used 17472K [0x05a00000, 0x104a0000, 0x104a0000)
  eden space 139776K,   0% used [0x05a00000, 0x05a00000, 0x0e280000)
  from space 17472K, 100% used [0x0f390000, 0x104a0000, 0x104a0000)
  to   space 17472K,   0% used [0x0e280000, 0x0e280000, 0x0f390000)
 tenured generation   total 349568K, used 230415K [0x104a0000, 0x25a00000, 0x25a00000)
   the space 349568K,  65% used [0x104a0000, 0x1e5a3dd8, 0x1e5a3e00, 0x25a00000)
 Metaspace       used 22168K, capacity 22697K, committed 22912K, reserved 22912K
}
Event: 5275.217 GC heap before
{Heap before GC invocations=593 (full 10):
 def new generation   total 157248K, used 157248K [0x05a00000, 0x104a0000, 0x104a0000)
  eden space 139776K, 100% used [0x05a00000, 0x0e280000, 0x0e280000)
  from space 17472K, 100% used [0x0f390000, 0x104a0000, 0x104a0000)
  to   space 17472K,   0% used [0x0e280000, 0x0e280000, 0x0f390000)
 tenured generation   total 349568K, used 230415K [0x104a0000, 0x25a00000, 0x25a00000)
   the space 349568K,  65% used [0x104a0000, 0x1e5a3dd8, 0x1e5a3e00, 0x25a00000)
 Metaspace       used 22168K, capacity 22697K, committed 22912K, reserved 22912K
Event: 5275.287 GC heap after
Heap after GC invocations=594 (full 10):
 def new generation   total 157248K, used 17472K [0x05a00000, 0x104a0000, 0x104a0000)
  eden space 139776K,   0% used [0x05a00000, 0x05a00000, 0x0e280000)
  from space 17472K, 100% used [0x0e280000, 0x0f390000, 0x0f390000)
  to   space 17472K,   0% used [0x0f390000, 0x0f390000, 0x104a0000)
 tenured generation   total 349568K, used 247627K [0x104a0000, 0x25a00000, 0x25a00000)
   the space 349568K,  70% used [0x104a0000, 0x1f672ec0, 0x1f673000, 0x25a00000)
 Metaspace       used 22168K, capacity 22697K, committed 22912K, reserved 22912K
}
Event: 5286.031 GC heap before
{Heap before GC invocations=594 (full 10):
 def new generation   total 157248K, used 156583K [0x05a00000, 0x104a0000, 0x104a0000)
  eden space 139776K,  99% used [0x05a00000, 0x0e1d9f90, 0x0e280000)
  from space 17472K, 100% used [0x0e280000, 0x0f390000, 0x0f390000)
  to   space 17472K,   0% used [0x0f390000, 0x0f390000, 0x104a0000)
 tenured generation   total 349568K, used 247627K [0x104a0000, 0x25a00000, 0x25a00000)
   the space 349568K,  70% used [0x104a0000, 0x1f672ec0, 0x1f673000, 0x25a00000)
 Metaspace       used 22168K, capacity 22697K, committed 22912K, reserved 22912K
Event: 5286.110 GC heap after
Heap after GC invocations=595 (full 10):
 def new generation   total 157248K, used 17472K [0x05a00000, 0x104a0000, 0x104a0000)
  eden space 139776K,   0% used [0x05a00000, 0x05a00000, 0x0e280000)
  from space 17472K, 100% used [0x0f390000, 0x104a0000, 0x104a0000)
  to   space 17472K,   0% used [0x0e280000, 0x0e280000, 0x0f390000)
 tenured generation   total 349568K, used 280508K [0x104a0000, 0x25a00000, 0x25a00000)
   the space 349568K,  80% used [0x104a0000, 0x2168f030, 0x2168f200, 0x25a00000)
 Metaspace       used 22168K, capacity 22697K, committed 22912K, reserved 22912K
}
Event: 5293.166 GC heap before
{Heap before GC invocations=595 (full 10):
 def new generation   total 157248K, used 157248K [0x05a00000, 0x104a0000, 0x104a0000)
  eden space 139776K, 100% used [0x05a00000, 0x0e280000, 0x0e280000)
  from space 17472K, 100% used [0x0f390000, 0x104a0000, 0x104a0000)
  to   space 17472K,   0% used [0x0e280000, 0x0e280000, 0x0f390000)
 tenured generation   total 349568K, used 280508K [0x104a0000, 0x25a00000, 0x25a00000)
   the space 349568K,  80% used [0x104a0000, 0x2168f030, 0x2168f200, 0x25a00000)
 Metaspace       used 22168K, capacity 22697K, committed 22912K, reserved 22912K
Event: 5293.925 GC heap after
Heap after GC invocations=596 (full 11):
 def new generation   total 157248K, used 0K [0x05a00000, 0x104a0000, 0x104a0000)
  eden space 139776K,   0% used [0x05a00000, 0x05a00000, 0x0e280000)
  from space 17472K,   0% used [0x0e280000, 0x0e280000, 0x0f390000)
  to   space 17472K,   0% used [0x0f390000, 0x0f390000, 0x104a0000)
 tenured generation   total 349568K, used 261369K [0x104a0000, 0x25a00000, 0x25a00000)
   the space 349568K,  74% used [0x104a0000, 0x203de730, 0x203de800, 0x25a00000)
 Metaspace       used 22168K, capacity 22697K, committed 22912K, reserved 22912K
}

Deoptimization events (0 events):
No events

Classes redefined (0 events):
No events

Internal exceptions (10 events):
Event: 4380.186 Thread 0x2a671800 Exception <a 'sun/nio/fs/WindowsException'> (0x085d5d60) thrown at [C:\workspace\8-2-build-windows-i586-cygwin\jdk8u191\11896\hotspot\src\share\vm\prims\jni.cpp, line 709]
Event: 4380.186 Thread 0x2a671800 Exception <a 'sun/nio/fs/WindowsException'> (0x085d6278) thrown at [C:\workspace\8-2-build-windows-i586-cygwin\jdk8u191\11896\hotspot\src\share\vm\prims\jni.cpp, line 709]
Event: 4380.187 Thread 0x2a671800 Exception <a 'sun/nio/fs/WindowsException'> (0x085e4810) thrown at [C:\workspace\8-2-build-windows-i586-cygwin\jdk8u191\11896\hotspot\src\share\vm\prims\jni.cpp, line 709]
Event: 4380.187 Thread 0x2a671800 Exception <a 'sun/nio/fs/WindowsException'> (0x085e4d00) thrown at [C:\workspace\8-2-build-windows-i586-cygwin\jdk8u191\11896\hotspot\src\share\vm\prims\jni.cpp, line 709]
Event: 4380.189 Thread 0x2a671800 Exception <a 'sun/nio/fs/WindowsException'> (0x085fbfb8) thrown at [C:\workspace\8-2-build-windows-i586-cygwin\jdk8u191\11896\hotspot\src\share\vm\prims\jni.cpp, line 709]
Event: 4380.189 Thread 0x2a671800 Exception <a 'sun/nio/fs/WindowsException'> (0x085fc520) thrown at [C:\workspace\8-2-build-windows-i586-cygwin\jdk8u191\11896\hotspot\src\share\vm\prims\jni.cpp, line 709]
Event: 4380.191 Thread 0x2a671800 Exception <a 'sun/nio/fs/WindowsException'> (0x08626fb8) thrown at [C:\workspace\8-2-build-windows-i586-cygwin\jdk8u191\11896\hotspot\src\share\vm\prims\jni.cpp, line 709]
Event: 4380.191 Thread 0x2a671800 Exception <a 'sun/nio/fs/WindowsException'> (0x086274a8) thrown at [C:\workspace\8-2-build-windows-i586-cygwin\jdk8u191\11896\hotspot\src\share\vm\prims\jni.cpp, line 709]
Event: 4380.193 Thread 0x2a671800 Exception <a 'sun/nio/fs/WindowsException'> (0x08647418) thrown at [C:\workspace\8-2-build-windows-i586-cygwin\jdk8u191\11896\hotspot\src\share\vm\prims\jni.cpp, line 709]
Event: 4380.193 Thread 0x2a671800 Exception <a 'sun/nio/fs/WindowsException'> (0x08647908) thrown at [C:\workspace\8-2-build-windows-i586-cygwin\jdk8u191\11896\hotspot\src\share\vm\prims\jni.cpp, line 709]

Events (10 events):
Event: 5292.202 Thread 0x25fcdc00 flushing nmethod 0x039004c8
Event: 5292.440 Thread 0x25fcdc00 flushing nmethod 0x03b8a748
Event: 5292.440 Thread 0x25fcdc00 flushing nmethod 0x03b8aac8
Event: 5292.440 Thread 0x25fcdc00 flushing nmethod 0x03b8ad08
Event: 5292.440 Thread 0x25fcdc00 flushing nmethod 0x03b8b588
Event: 5292.440 Thread 0x25fcdc00 flushing nmethod 0x03ba6288
Event: 5292.671 Thread 0x25fcdc00 flushing nmethod 0x03ba6a08
Event: 5292.671 Thread 0x25fcdc00 flushing nmethod 0x03c67848
Event: 5293.166 Executing VM operation: GenCollectForAllocation
Event: 5293.925 Executing VM operation: GenCollectForAllocation done


Dynamic libraries:
0x00b80000 - 0x00bb3000 	C:\Program Files (x86)\Arduino\java\bin\javaw.exe
0x77970000 - 0x77b1f000 	C:\WINDOWS\SYSTEM32\ntdll.dll
0x76d80000 - 0x76e70000 	C:\WINDOWS\System32\KERNEL32.DLL
0x76560000 - 0x767cb000 	C:\WINDOWS\System32\KERNELBASE.dll
0x767d0000 - 0x7684c000 	C:\WINDOWS\System32\ADVAPI32.dll
0x77360000 - 0x77424000 	C:\WINDOWS\System32\msvcrt.dll
0x77060000 - 0x770e2000 	C:\WINDOWS\System32\sechost.dll
0x77430000 - 0x774e9000 	C:\WINDOWS\System32\RPCRT4.dll
0x75690000 - 0x75836000 	C:\WINDOWS\System32\USER32.dll
0x76ca0000 - 0x76cba000 	C:\WINDOWS\System32\win32u.dll
0x77250000 - 0x77272000 	C:\WINDOWS\System32\GDI32.dll
0x77280000 - 0x7735d000 	C:\WINDOWS\System32\gdi32full.dll
0x778e0000 - 0x77959000 	C:\WINDOWS\System32\msvcp_win.dll
0x76280000 - 0x76392000 	C:\WINDOWS\System32\ucrtbase.dll
0x75160000 - 0x75384000 	C:\WINDOWS\WinSxS\x86_microsoft.windows.common-controls_6595b64144ccf1df_6.0.22621.608_none_f0f1837ed587d923\COMCTL32.dll
0x75900000 - 0x75926000 	C:\WINDOWS\System32\IMM32.DLL
0x52170000 - 0x5222f000 	C:\Program Files (x86)\Arduino\java\bin\msvcr100.dll
0x51d90000 - 0x52163000 	C:\Program Files (x86)\Arduino\java\bin\client\jvm.dll
0x771d0000 - 0x771d6000 	C:\WINDOWS\System32\PSAPI.DLL
0x72380000 - 0x72388000 	C:\WINDOWS\SYSTEM32\WSOCK32.dll
0x74500000 - 0x74508000 	C:\WINDOWS\SYSTEM32\VERSION.dll
0x74800000 - 0x74831000 	C:\WINDOWS\SYSTEM32\WINMM.dll
0x76e70000 - 0x76ecf000 	C:\WINDOWS\System32\WS2_32.dll
0x51d60000 - 0x51d90000 	C:\Program Files (x86)\Arduino\java\bin\splashscreen.dll
0x746c0000 - 0x7473f000 	C:\WINDOWS\system32\uxtheme.dll
0x77550000 - 0x777cc000 	C:\WINDOWS\System32\combase.dll
0x51d50000 - 0x51d5c000 	C:\Program Files (x86)\Arduino\java\bin\verify.dll
0x51d20000 - 0x51d42000 	C:\Program Files (x86)\Arduino\java\bin\java.dll
0x6b340000 - 0x6b43f000 	C:\ProgramData\A-Volute\A-Volute.Nahimic\Modules\Scheduled\AudioDevProps2.dll
0x763a0000 - 0x764ed000 	C:\WINDOWS\System32\ole32.dll
0x770f0000 - 0x7713b000 	C:\WINDOWS\System32\SHLWAPI.dll
0x75aa0000 - 0x76101000 	C:\WINDOWS\System32\SHELL32.dll
0x51d00000 - 0x51d14000 	C:\Program Files (x86)\Arduino\java\bin\zip.dll
0x76ed0000 - 0x76fab000 	C:\WINDOWS\System32\MSCTF.dll
0x74510000 - 0x74523000 	C:\WINDOWS\SYSTEM32\kernel.appcore.dll
0x771e0000 - 0x77242000 	C:\WINDOWS\System32\bcryptPrimitives.dll
0x63890000 - 0x63973000 	C:\WINDOWS\SYSTEM32\textinputframework.dll
0x761d0000 - 0x7626c000 	C:\WINDOWS\System32\OLEAUT32.dll
0x637c0000 - 0x6388d000 	C:\WINDOWS\SYSTEM32\CoreMessaging.dll
0x63530000 - 0x637c0000 	C:\WINDOWS\SYSTEM32\CoreUIComponents.dll
0x74530000 - 0x745f7000 	C:\WINDOWS\SYSTEM32\wintypes.dll
0x70600000 - 0x7060b000 	C:\WINDOWS\SYSTEM32\CRYPTBASE.DLL
0x749b0000 - 0x7507d000 	C:\WINDOWS\SYSTEM32\windows.storage.dll
0x76cc0000 - 0x76d80000 	C:\WINDOWS\System32\SHCORE.dll
0x73b70000 - 0x73b89000 	C:\WINDOWS\SYSTEM32\profapi.dll
0x61940000 - 0x619b3000 	C:\Program Files (x86)\Arduino\lib\listSerialsj.dll
0x76850000 - 0x76c91000 	C:\WINDOWS\System32\SETUPAPI.dll
0x75500000 - 0x7553d000 	C:\WINDOWS\SYSTEM32\cfgmgr32.DLL
0x51ce0000 - 0x51cfd000 	C:\Program Files (x86)\Arduino\lib\jnidispatch-4.2.2-win32-x86.dll
0x51cc0000 - 0x51cd5000 	C:\Program Files (x86)\Arduino\java\bin\net.dll
0x73cd0000 - 0x73d21000 	C:\WINDOWS\system32\mswsock.dll
0x51cb0000 - 0x51cbf000 	C:\Program Files (x86)\Arduino\java\bin\nio.dll
0x50af0000 - 0x50c37000 	C:\Program Files (x86)\Arduino\java\bin\awt.dll
0x6d020000 - 0x6d0c5000 	C:\WINDOWS\SYSTEM32\apphelp.dll
0x73ba0000 - 0x73bc4000 	C:\WINDOWS\system32\DWMAPI.DLL
0x51c70000 - 0x51ca9000 	C:\Program Files (x86)\Arduino\java\bin\fontmanager.dll
0x50a10000 - 0x50af0000 	C:\WINDOWS\system32\opengl32.dll
0x51c20000 - 0x51c62000 	C:\WINDOWS\SYSTEM32\GLU32.dll
0x6ea50000 - 0x6ea7d000 	C:\WINDOWS\SYSTEM32\dxcore.dll
0x51be0000 - 0x51c12000 	C:\Program Files (x86)\Arduino\java\bin\t2k.dll
0x6b440000 - 0x6b46a000 	C:\WINDOWS\SYSTEM32\DEVOBJ.dll
0x764f0000 - 0x76548000 	C:\WINDOWS\System32\WINTRUST.dll
0x777d0000 - 0x778d3000 	C:\WINDOWS\System32\CRYPT32.dll
0x73cc0000 - 0x73cce000 	C:\WINDOWS\SYSTEM32\MSASN1.dll
0x75600000 - 0x75624000 	C:\WINDOWS\SYSTEM32\IPHLPAPI.DLL
0x76270000 - 0x76277000 	C:\WINDOWS\System32\NSI.dll
0x6c300000 - 0x6c316000 	C:\WINDOWS\SYSTEM32\dhcpcsvc6.DLL
0x74690000 - 0x746a7000 	C:\WINDOWS\SYSTEM32\dhcpcsvc.DLL
0x721d0000 - 0x72289000 	C:\WINDOWS\SYSTEM32\DNSAPI.dll
0x722b0000 - 0x722c2000 	C:\WINDOWS\system32\napinsp.dll
0x72290000 - 0x722a6000 	C:\WINDOWS\system32\pnrpnsp.dll
0x721c0000 - 0x721ce000 	C:\WINDOWS\System32\winrnr.dll
0x72180000 - 0x72191000 	C:\WINDOWS\system32\wshbth.dll
0x72160000 - 0x72178000 	C:\WINDOWS\system32\nlansp_c.dll
0x71f80000 - 0x71fa1000 	C:\Program Files (x86)\Bonjour\mdnsNSP.dll
0x71220000 - 0x7127d000 	C:\WINDOWS\System32\fwpuclnt.dll
0x71210000 - 0x71218000 	C:\Windows\System32\rasadhlp.dll
0x509a0000 - 0x50a09000 	C:\Program Files (x86)\Arduino\msvcp100.dll
0x508e0000 - 0x5099e000 	C:\Program Files (x86)\Arduino\msvcr100.dll
0x29a30000 - 0x29a62000 	C:\Program Files (x86)\Arduino\lib\AStylej.dll
0x508b0000 - 0x508d4000 	C:\Program Files (x86)\Arduino\java\bin\dcpr.dll
0x77140000 - 0x771c7000 	C:\WINDOWS\System32\clbcatq.dll
0x623b0000 - 0x62510000 	C:\WINDOWS\SYSTEM32\WindowsCodecs.dll
0x626e0000 - 0x6272c000 	C:\WINDOWS\system32\dataexchange.dll
0x62510000 - 0x626df000 	C:\WINDOWS\system32\twinapi.appcore.dll
0x50890000 - 0x508b0000 	C:\Program Files (x86)\Arduino\java\bin\sunec.dll
0x6f4e0000 - 0x6f4f5000 	C:\WINDOWS\SYSTEM32\CRYPTSP.dll
0x6f4b0000 - 0x6f4e0000 	C:\WINDOWS\system32\rsaenh.dll
0x74740000 - 0x7475f000 	C:\WINDOWS\SYSTEM32\USERENV.dll
0x6f490000 - 0x6f4aa000 	C:\WINDOWS\SYSTEM32\bcrypt.dll
0x50880000 - 0x50889000 	C:\Program Files (x86)\Arduino\java\bin\sunmscapi.dll
0x64000000 - 0x6401b000 	C:\Program Files (x86)\Arduino\lib\jSSC-2.8_x86.dll
0x6d5b0000 - 0x6d782000 	C:\WINDOWS\SYSTEM32\dbghelp.dll

VM Arguments:
jvm_args: -Dsun.java2d.d3d=false -Djna.nosys=true -Djna.nounpack=true -Djna.boot.library.name=jnidispatch-4.2.2-win32-x86 -Djna.boot.library.path=C:\Program Files (x86)\Arduino/lib -Djssc.library.path=C:\Program Files (x86)\Arduino/lib -DAPP_DIR=C:\Program Files (x86)\Arduino -Xms128M -Xmx512M -Dfile.encoding=UTF8 -Djava.net.preferIPv4Stack=true 
java_command: processing.app.Base D:\Documnets\Arduino\Arduino Project\XIAOESP32C3_App1\XIAOESP32C3_App1.ino
java_class_path (initial): C:\Program Files (x86)\Arduino\lib\apple.jar;C:\Program Files (x86)\Arduino\lib\arduino-core.jar;C:\Program Files (x86)\Arduino\lib\batik-1.8.jar;C:\Program Files (x86)\Arduino\lib\batik-anim-1.8.jar;C:\Program Files (x86)\Arduino\lib\batik-awt-util-1.8.jar;C:\Program Files (x86)\Arduino\lib\batik-bridge-1.8.jar;C:\Program Files (x86)\Arduino\lib\batik-codec-1.8.jar;C:\Program Files (x86)\Arduino\lib\batik-css-1.8.jar;C:\Program Files (x86)\Arduino\lib\batik-dom-1.8.jar;C:\Program Files (x86)\Arduino\lib\batik-ext-1.8.jar;C:\Program Files (x86)\Arduino\lib\batik-gvt-1.8.jar;C:\Program Files (x86)\Arduino\lib\batik-parser-1.8.jar;C:\Program Files (x86)\Arduino\lib\batik-rasterizer-1.8.jar;C:\Program Files (x86)\Arduino\lib\batik-script-1.8.jar;C:\Program Files (x86)\Arduino\lib\batik-squiggle-1.8.jar;C:\Program Files (x86)\Arduino\lib\batik-svg-dom-1.8.jar;C:\Program Files (x86)\Arduino\lib\batik-svgpp-1.8.jar;C:\Program Files (x86)\Arduino\lib\batik-transcoder-1.8.jar;C:\Program Files (x86)\Arduino\lib\batik-util-1.8.jar;C:\Program Files (x86)\Arduino\lib\batik-xml-1.8.jar;C:\Program Files (x86)\Arduino\lib\bcpg-jdk15on-152.jar;C:\Program Files (x86)\Arduino\lib\bcprov-jdk15on-152.jar;C:\Program Files (x86)\Arduino\lib\commons-codec-1.7.jar;C:\Program Files (x86)\Arduino\lib\commons-compress-1.8.jar;C:\Program Files (x86)\Arduino\lib\commons-exec-1.1.jar;C:\Program Files (x86)\Arduino\lib\commons-httpclient-3.1.jar;C:\Program Files (x86)\Arduino\lib\commons-lang3-3.8.1.jar;C:\Program Files (x86)\Arduino\lib\commons-logging-1.0.4.jar;C:\Program Files (x86)\Arduino\lib\commons-net-3.3.jar;C:\Program Files (x86)\Arduino\lib\commons-io-2.6.jar;C:\Program Files (x86)\Arduino\lib\jackson-annotations-2.9.5.jar;C:\Program Files (x86)\Arduino\lib\jackson-core-2.9.5.jar;C:\Program Files (x86)\Arduino\lib\jackson-databind-2.9.5.jar;C:\Program Files (x86)\Arduino\lib\java-semver-0.8.0.jar;C:\Program Files (x86)\Arduino\lib\jmdns-3.5.5.jar;C:\Program
Launcher Type: SUN_STANDARD

Environment Variables:
PATH=C:\Windows\system32;C:\Windows;C:\Windows\System32\Wbem;C:\Windows\System32\WindowsPowerShell\v1.0\;C:\Windows\System32\OpenSSH\;C:\Program Files (x86)\NVIDIA Corporation\PhysX\Common;C:\Program Files\NVIDIA Corporation\NVIDIA NvDLISR;C:\WINDOWS\system32;C:\WINDOWS;C:\WINDOWS\System32\Wbem;C:\WINDOWS\System32\WindowsPowerShell\v1.0\;C:\WINDOWS\System32\OpenSSH\;C:\Program Files\Microsoft SQL Server\Client SDK\ODBC\110\Tools\Binn\;C:\Program Files (x86)\Microsoft SQL Server\120\Tools\Binn\;C:\Program Files\Microsoft SQL Server\120\Tools\Binn\;C:\Program Files\Microsoft SQL Server\120\DTS\Binn\;C:\Program Files (x86)\Windows Kits\8.1\Windows Performance Toolkit\;C:\Users\rifqi\AppData\Local\Microsoft\WindowsApps;;C:\Program Files (x86)\Arduino\java\bin
USERNAME=rifqi
OS=Windows_NT
PROCESSOR_IDENTIFIER=Intel64 Family 6 Model 141 Stepping 1, GenuineIntel



---------------  S Y S T E M  ---------------

OS: Windows 10.0 , 64 bit Build 22621 (10.0.22621.1105)

CPU:total 16 (initial active 16) (8 cores per cpu, 2 threads per core) family 6 model 141 stepping 1, cmov, cx8, fxsr, mmx, sse, sse2, sse3, ssse3, sse4.1, sse4.2, popcnt, avx, avx2, aes, clmul, erms, 3dnowpref, lzcnt, ht, tsc, tscinvbit, bmi1, bmi2, adx

Memory: 4k page, physical 33248780k(21640308k free), swap 38229516k(24013804k free)

vm_info: Java HotSpot(TM) Client VM (25.191-b12) for windows-x86 JRE (1.8.0_191-b12), built on Oct  6 2018 08:34:23 by "java_re" with MS VC++ 10.0 (VS2010)

time: Wed Feb 01 22:12:14 2023
elapsed time: 5294 seconds (0d 1h 28m 14s)

